Using pre-set license
Built from '2020.3/staging' branch; Version is '2020.3.0f1 (c7b5465681fb) revision 13088070'; Using compiler version '192528614'; Build Type 'Release'
OS: 'Windows 10 Pro; OS build 19041.1052; Version 2004; 64bit' Language: 'ru' Physical Memory: 24537 MB
BatchMode: 1, IsHumanControllingUs: 0, StartBugReporterOnCrash: 0, Is64bit: 1, IsPro: 0

 COMMAND LINE ARGUMENTS:
D:\Unity\2020.3.0f1\Editor\Unity.exe
-adb2
-batchMode
-noUpm
-name
AssetImportWorker0
-projectPath
D:/Unity Projects/Skillbox_Homework_16
-logFile
Logs/AssetImportWorker0.log
-srvPort
65169
Successfully changed project path to: D:/Unity Projects/Skillbox_Homework_16
D:/Unity Projects/Skillbox_Homework_16
Using Asset Import Pipeline V2.
Refreshing native plugins compatible for Editor in 142.23 ms, found 1 plugins.
Preloading 0 native plugins for Editor in 0.00 ms.
Initialize engine version: 2020.3.0f1 (c7b5465681fb)
[Subsystems] Discovering subsystems at path D:/Unity/2020.3.0f1/Editor/Data/Resources/UnitySubsystems
[Subsystems] Discovering subsystems at path D:/Unity Projects/Skillbox_Homework_16/Assets
GfxDevice: creating device client; threaded=0
Direct3D:
    Version:  Direct3D 11.0 [level 11.1]
    Renderer: NVIDIA GeForce GTX 1660 Ti (ID=0x2182)
    Vendor:   
    VRAM:     5991 MB
    Driver:   27.21.14.6192
Initialize mono
Mono path[0] = 'D:/Unity/2020.3.0f1/Editor/Data/Managed'
Mono path[1] = 'D:/Unity/2020.3.0f1/Editor/Data/MonoBleedingEdge/lib/mono/unityjit'
Mono config path = 'D:/Unity/2020.3.0f1/Editor/Data/MonoBleedingEdge/etc'
Using monoOptions --debugger-agent=transport=dt_socket,embedding=1,server=y,suspend=n,address=127.0.0.1:56416
Begin MonoManager ReloadAssembly
Registering precompiled unity dll's ...
Register platform support module: D:/Unity/2020.3.0f1/Editor/Data/PlaybackEngines/WindowsStandaloneSupport/UnityEditor.WindowsStandalone.Extensions.dll
Registered in 0.001626 seconds.
Native extension for WindowsStandalone target not found
Refreshing native plugins compatible for Editor in 85.87 ms, found 1 plugins.
Preloading 0 native plugins for Editor in 0.00 ms.
Invoked RoslynAnalysisRunner static constructor.
RoslynAnalysisRunner will not be running.
RoslynAnalysisRunner has terminated.
Mono: successfully reloaded assembly
- Completed reload, in  4.627 seconds
Platform modules already initialized, skipping
Registering precompiled user dll's ...
Registered in 0.003076 seconds.
Begin MonoManager ReloadAssembly
Native extension for WindowsStandalone target not found
Refreshing native plugins compatible for Editor in 71.78 ms, found 1 plugins.
Preloading 0 native plugins for Editor in 0.00 ms.
Invoked RoslynAnalysisRunner static constructor.
RoslynAnalysisRunner will not be running.
RoslynAnalysisRunner has terminated.
Mono: successfully reloaded assembly
- Completed reload, in  3.540 seconds
Platform modules already initialized, skipping
========================================================================
Worker process is ready to serve import requests
Launched and connected shader compiler UnityShaderCompiler.exe after 0.19 seconds
Refreshing native plugins compatible for Editor in 0.65 ms, found 1 plugins.
Preloading 0 native plugins for Editor in 0.00 ms.
Unloading 1973 Unused Serialized files (Serialized files now loaded: 0)
System memory in use before: 90.4 MB.
System memory in use after: 90.4 MB.

Unloading 25 unused Assets to reduce memory usage. Loaded Objects now: 2417.
Total: 16.915100 ms (FindLiveObjects: 0.990400 ms CreateObjectMapping: 0.229000 ms MarkObjects: 15.522000 ms  DeleteObjects: 0.171900 ms)

========================================================================
Received Import Request.
  path: Assets/Prefabs/Player.prefab
  artifactKey: Guid(c217ff47c84141c438c4fb9ef56e2975) Importer(815301076,1909f56bfc062723c751e8b465ee728b)
Start importing Assets/Prefabs/Player.prefab using Guid(c217ff47c84141c438c4fb9ef56e2975) Importer(815301076,1909f56bfc062723c751e8b465ee728b)  -> (artifact id: '38965d17e001d4a5f519e716b224ef0b') in 0.483956 seconds
  Import took 0.515719 seconds .

========================================================================
Received Prepare
Registering precompiled user dll's ...
Registered in 0.001154 seconds.
Begin MonoManager ReloadAssembly
Native extension for WindowsStandalone target not found
Refreshing native plugins compatible for Editor in 0.61 ms, found 1 plugins.
Preloading 0 native plugins for Editor in 0.00 ms.
Invoked RoslynAnalysisRunner static constructor.
RoslynAnalysisRunner will not be running.
RoslynAnalysisRunner has terminated.
Mono: successfully reloaded assembly
- Completed reload, in  1.152 seconds
Platform modules already initialized, skipping
Refreshing native plugins compatible for Editor in 0.63 ms, found 1 plugins.
Preloading 0 native plugins for Editor in 0.00 ms.
Unloading 1966 Unused Serialized files (Serialized files now loaded: 0)
System memory in use before: 93.4 MB.
System memory in use after: 93.4 MB.

Unloading 13 unused Assets to reduce memory usage. Loaded Objects now: 2428.
Total: 2.520600 ms (FindLiveObjects: 0.243600 ms CreateObjectMapping: 0.121600 ms MarkObjects: 2.017100 ms  DeleteObjects: 0.136900 ms)

========================================================================
Received Prepare
Registering precompiled user dll's ...
Registered in 0.001247 seconds.
Begin MonoManager ReloadAssembly
Native extension for WindowsStandalone target not found
Refreshing native plugins compatible for Editor in 0.51 ms, found 1 plugins.
Preloading 0 native plugins for Editor in 0.00 ms.
Invoked RoslynAnalysisRunner static constructor.
RoslynAnalysisRunner will not be running.
RoslynAnalysisRunner has terminated.
Mono: successfully reloaded assembly
- Completed reload, in  1.205 seconds
Platform modules already initialized, skipping
Refreshing native plugins compatible for Editor in 1.04 ms, found 1 plugins.
Preloading 0 native plugins for Editor in 0.00 ms.
Unloading 1966 Unused Serialized files (Serialized files now loaded: 0)
System memory in use before: 93.5 MB.
System memory in use after: 93.5 MB.

Unloading 13 unused Assets to reduce memory usage. Loaded Objects now: 2432.
Total: 3.043800 ms (FindLiveObjects: 0.301500 ms CreateObjectMapping: 0.188400 ms MarkObjects: 2.407700 ms  DeleteObjects: 0.144000 ms)

========================================================================
Received Import Request.
  Time since last request: 2271.324760 seconds.
  path: Assets/Scripts/GameManager.cs
  artifactKey: Guid(40e4d4bd45e63e64cb4d1cd0b4aa7687) Importer(815301076,1909f56bfc062723c751e8b465ee728b)
Start importing Assets/Scripts/GameManager.cs using Guid(40e4d4bd45e63e64cb4d1cd0b4aa7687) Importer(815301076,1909f56bfc062723c751e8b465ee728b)  -> (artifact id: 'f69907066066616b875f7e49c612a5fe') in 0.040140 seconds
  Import took 0.045342 seconds .

========================================================================
Received Prepare
Registering precompiled user dll's ...
Registered in 0.001153 seconds.
Begin MonoManager ReloadAssembly
Native extension for WindowsStandalone target not found
Refreshing native plugins compatible for Editor in 0.52 ms, found 1 plugins.
Preloading 0 native plugins for Editor in 0.00 ms.
Invoked RoslynAnalysisRunner static constructor.
RoslynAnalysisRunner will not be running.
RoslynAnalysisRunner has terminated.
Mono: successfully reloaded assembly
- Completed reload, in  1.177 seconds
Platform modules already initialized, skipping
Refreshing native plugins compatible for Editor in 0.56 ms, found 1 plugins.
Preloading 0 native plugins for Editor in 0.00 ms.
Unloading 1966 Unused Serialized files (Serialized files now loaded: 0)
System memory in use before: 93.5 MB.
System memory in use after: 93.5 MB.

Unloading 13 unused Assets to reduce memory usage. Loaded Objects now: 2436.
Total: 2.879600 ms (FindLiveObjects: 0.250700 ms CreateObjectMapping: 0.147300 ms MarkObjects: 2.334500 ms  DeleteObjects: 0.145800 ms)

========================================================================
Received Import Request.
  Time since last request: 3134.463408 seconds.
  path: Assets/Scripts/GameManager.cs
  artifactKey: Guid(40e4d4bd45e63e64cb4d1cd0b4aa7687) Importer(815301076,1909f56bfc062723c751e8b465ee728b)
Start importing Assets/Scripts/GameManager.cs using Guid(40e4d4bd45e63e64cb4d1cd0b4aa7687) Importer(815301076,1909f56bfc062723c751e8b465ee728b)  -> (artifact id: 'ed1cc5404da3c6bd2d6d62fc5814f7fb') in 0.012949 seconds
  Import took 0.017660 seconds .

========================================================================
Received Import Request.
  Time since last request: 19.316638 seconds.
  path: Assets/Scripts/LastScreenUI.cs
  artifactKey: Guid(04be0a5dcc8af634d90ca2e44725c9e5) Importer(815301076,1909f56bfc062723c751e8b465ee728b)
Start importing Assets/Scripts/LastScreenUI.cs using Guid(04be0a5dcc8af634d90ca2e44725c9e5) Importer(815301076,1909f56bfc062723c751e8b465ee728b)  -> (artifact id: '0687c22ed212de36443e9d764ba991bb') in 0.026965 seconds
  Import took 0.037828 seconds .

========================================================================
Received Prepare
Registering precompiled user dll's ...
Registered in 0.001240 seconds.
Begin MonoManager ReloadAssembly
Native extension for WindowsStandalone target not found
Refreshing native plugins compatible for Editor in 1.01 ms, found 1 plugins.
Preloading 0 native plugins for Editor in 0.00 ms.
Invoked RoslynAnalysisRunner static constructor.
RoslynAnalysisRunner will not be running.
RoslynAnalysisRunner has terminated.
Mono: successfully reloaded assembly
- Completed reload, in  1.307 seconds
Platform modules already initialized, skipping
Refreshing native plugins compatible for Editor in 0.52 ms, found 1 plugins.
Preloading 0 native plugins for Editor in 0.00 ms.
Unloading 1967 Unused Serialized files (Serialized files now loaded: 0)
System memory in use before: 93.5 MB.
System memory in use after: 93.5 MB.

Unloading 13 unused Assets to reduce memory usage. Loaded Objects now: 2441.
Total: 2.847800 ms (FindLiveObjects: 0.351800 ms CreateObjectMapping: 0.174400 ms MarkObjects: 2.159800 ms  DeleteObjects: 0.160100 ms)

========================================================================
Received Prepare
Registering precompiled user dll's ...
Registered in 0.002746 seconds.
Begin MonoManager ReloadAssembly
Native extension for WindowsStandalone target not found
Refreshing native plugins compatible for Editor in 0.52 ms, found 1 plugins.
Preloading 0 native plugins for Editor in 0.00 ms.
Invoked RoslynAnalysisRunner static constructor.
RoslynAnalysisRunner will not be running.
RoslynAnalysisRunner has terminated.
Mono: successfully reloaded assembly
- Completed reload, in  1.463 seconds
Platform modules already initialized, skipping
Refreshing native plugins compatible for Editor in 0.69 ms, found 1 plugins.
Preloading 0 native plugins for Editor in 0.00 ms.
Unloading 1967 Unused Serialized files (Serialized files now loaded: 0)
System memory in use before: 93.5 MB.
System memory in use after: 93.5 MB.

Unloading 13 unused Assets to reduce memory usage. Loaded Objects now: 2445.
Total: 2.578500 ms (FindLiveObjects: 0.264900 ms CreateObjectMapping: 0.093500 ms MarkObjects: 2.058300 ms  DeleteObjects: 0.159800 ms)

========================================================================
Received Import Request.
  Time since last request: 2235.874596 seconds.
  path: Assets/Scripts/LastScreenUI.cs
  artifactKey: Guid(04be0a5dcc8af634d90ca2e44725c9e5) Importer(815301076,1909f56bfc062723c751e8b465ee728b)
Start importing Assets/Scripts/LastScreenUI.cs using Guid(04be0a5dcc8af634d90ca2e44725c9e5) Importer(815301076,1909f56bfc062723c751e8b465ee728b)  -> (artifact id: 'fa4522ff50336fd0e57f70b6cf9b07ac') in 0.009180 seconds
  Import took 0.013154 seconds .

========================================================================
Received Prepare
Registering precompiled user dll's ...
Registered in 0.001386 seconds.
Begin MonoManager ReloadAssembly
Native extension for WindowsStandalone target not found
Refreshing native plugins compatible for Editor in 0.51 ms, found 1 plugins.
Preloading 0 native plugins for Editor in 0.00 ms.
Invoked RoslynAnalysisRunner static constructor.
RoslynAnalysisRunner will not be running.
RoslynAnalysisRunner has terminated.
Mono: successfully reloaded assembly
- Completed reload, in  1.211 seconds
Platform modules already initialized, skipping
Refreshing native plugins compatible for Editor in 0.51 ms, found 1 plugins.
Preloading 0 native plugins for Editor in 0.00 ms.
Unloading 1967 Unused Serialized files (Serialized files now loaded: 0)
System memory in use before: 93.5 MB.
System memory in use after: 93.5 MB.

Unloading 13 unused Assets to reduce memory usage. Loaded Objects now: 2449.
Total: 3.337200 ms (FindLiveObjects: 0.305800 ms CreateObjectMapping: 0.261900 ms MarkObjects: 2.591700 ms  DeleteObjects: 0.176300 ms)

========================================================================
Received Import Request.
  Time since last request: 826.850250 seconds.
  path: Assets/Scripts/LastScreenUI.cs
  artifactKey: Guid(04be0a5dcc8af634d90ca2e44725c9e5) Importer(815301076,1909f56bfc062723c751e8b465ee728b)
Start importing Assets/Scripts/LastScreenUI.cs using Guid(04be0a5dcc8af634d90ca2e44725c9e5) Importer(815301076,1909f56bfc062723c751e8b465ee728b)  -> (artifact id: '6608a97f383431f0840407bd3b0af24e') in 0.008804 seconds
  Import took 0.013025 seconds .

========================================================================
Received Import Request.
  Time since last request: 11.048055 seconds.
  path: Assets/Scenes/LastScene.unity
  artifactKey: Guid(d00d530c902ae82439b168ce8bc06529) Importer(815301076,1909f56bfc062723c751e8b465ee728b)
Start importing Assets/Scenes/LastScene.unity using Guid(d00d530c902ae82439b168ce8bc06529) Importer(815301076,1909f56bfc062723c751e8b465ee728b)  -> (artifact id: '9f5e830bf3b460faf39019a764450970') in 0.022248 seconds
  Import took 0.028578 seconds .

========================================================================
Received Import Request.
  Time since last request: 0.006189 seconds.
  path: Assets/Scenes/LastScene.unity
  artifactKey: Guid(d00d530c902ae82439b168ce8bc06529) Importer(815301076,1909f56bfc062723c751e8b465ee728b)
Start importing Assets/Scenes/LastScene.unity using Guid(d00d530c902ae82439b168ce8bc06529) Importer(815301076,1909f56bfc062723c751e8b465ee728b)  -> (artifact id: '9f5e830bf3b460faf39019a764450970') in 0.012272 seconds
  Import took 0.016631 seconds .

========================================================================
Received Prepare
Registering precompiled user dll's ...
Registered in 0.001419 seconds.
Begin MonoManager ReloadAssembly
Native extension for WindowsStandalone target not found
Refreshing native plugins compatible for Editor in 0.50 ms, found 1 plugins.
Preloading 0 native plugins for Editor in 0.00 ms.
Invoked RoslynAnalysisRunner static constructor.
RoslynAnalysisRunner will not be running.
RoslynAnalysisRunner has terminated.
Mono: successfully reloaded assembly
- Completed reload, in  1.185 seconds
Platform modules already initialized, skipping
Refreshing native plugins compatible for Editor in 0.51 ms, found 1 plugins.
Preloading 0 native plugins for Editor in 0.00 ms.
Unloading 1967 Unused Serialized files (Serialized files now loaded: 0)
System memory in use before: 93.6 MB.
System memory in use after: 93.6 MB.

Unloading 13 unused Assets to reduce memory usage. Loaded Objects now: 2453.
Total: 3.308000 ms (FindLiveObjects: 0.311500 ms CreateObjectMapping: 0.200800 ms MarkObjects: 2.638800 ms  DeleteObjects: 0.155300 ms)

========================================================================
Received Import Request.
  Time since last request: 221.795581 seconds.
  path: Assets/Scenes/LastScene.unity
  artifactKey: Guid(d00d530c902ae82439b168ce8bc06529) Importer(815301076,1909f56bfc062723c751e8b465ee728b)
Start importing Assets/Scenes/LastScene.unity using Guid(d00d530c902ae82439b168ce8bc06529) Importer(815301076,1909f56bfc062723c751e8b465ee728b)  -> (artifact id: 'ee8d78e9333a225fb1199f8a862f15bb') in 0.023038 seconds
  Import took 0.037468 seconds .

========================================================================
Received Import Request.
  Time since last request: 244.954454 seconds.
  path: Assets/Scenes/Level_5.unity
  artifactKey: Guid(30826b23733abf14497674db150782cb) Importer(815301076,1909f56bfc062723c751e8b465ee728b)
Start importing Assets/Scenes/Level_5.unity using Guid(30826b23733abf14497674db150782cb) Importer(815301076,1909f56bfc062723c751e8b465ee728b)  -> (artifact id: '033b36a5c7c8466427cd9a430f476793') in 0.011399 seconds
  Import took 0.016029 seconds .

========================================================================
Received Prepare
Registering precompiled user dll's ...
Registered in 0.001233 seconds.
Begin MonoManager ReloadAssembly
Native extension for WindowsStandalone target not found
Refreshing native plugins compatible for Editor in 0.54 ms, found 1 plugins.
Preloading 0 native plugins for Editor in 0.00 ms.
Invoked RoslynAnalysisRunner static constructor.
RoslynAnalysisRunner will not be running.
RoslynAnalysisRunner has terminated.
Mono: successfully reloaded assembly
- Completed reload, in  1.176 seconds
Platform modules already initialized, skipping
Refreshing native plugins compatible for Editor in 0.51 ms, found 1 plugins.
Preloading 0 native plugins for Editor in 0.00 ms.
Unloading 1967 Unused Serialized files (Serialized files now loaded: 0)
System memory in use before: 93.6 MB.
System memory in use after: 93.6 MB.

Unloading 13 unused Assets to reduce memory usage. Loaded Objects now: 2457.
Total: 2.786400 ms (FindLiveObjects: 0.286000 ms CreateObjectMapping: 0.173600 ms MarkObjects: 2.166000 ms  DeleteObjects: 0.158900 ms)

========================================================================
Received Prepare
Registering precompiled user dll's ...
Registered in 0.001548 seconds.
Begin MonoManager ReloadAssembly
Native extension for WindowsStandalone target not found
Refreshing native plugins compatible for Editor in 0.51 ms, found 1 plugins.
Preloading 0 native plugins for Editor in 0.00 ms.
Invoked RoslynAnalysisRunner static constructor.
RoslynAnalysisRunner will not be running.
RoslynAnalysisRunner has terminated.
Mono: successfully reloaded assembly
- Completed reload, in  1.087 seconds
Platform modules already initialized, skipping
Refreshing native plugins compatible for Editor in 0.50 ms, found 1 plugins.
Preloading 0 native plugins for Editor in 0.00 ms.
Unloading 1967 Unused Serialized files (Serialized files now loaded: 0)
System memory in use before: 93.6 MB.
System memory in use after: 93.6 MB.

Unloading 13 unused Assets to reduce memory usage. Loaded Objects now: 2461.
Total: 2.942700 ms (FindLiveObjects: 0.304700 ms CreateObjectMapping: 0.163600 ms MarkObjects: 2.320800 ms  DeleteObjects: 0.151900 ms)

AssetImportWorkerClient::OnTransportError - code=2 error=End of file
